/usr/bin/cmake -S/home/ran/Codes/edadb -B/home/ran/Codes/edadb/build --check-build-system CMakeFiles/Makefile.cmake 0
/usr/bin/cmake -E cmake_progress_start /home/ran/Codes/edadb/build/CMakeFiles /home/ran/Codes/edadb/build//CMakeFiles/progress.marks
make  -f CMakeFiles/Makefile2 all
make[1]: Entering directory '/home/ran/Codes/edadb/build'
make  -f CMakeFiles/edadb.dir/build.make CMakeFiles/edadb.dir/depend
make[2]: Entering directory '/home/ran/Codes/edadb/build'
cd /home/ran/Codes/edadb/build && /usr/bin/cmake -E cmake_depends "Unix Makefiles" /home/ran/Codes/edadb /home/ran/Codes/edadb /home/ran/Codes/edadb/build /home/ran/Codes/edadb/build /home/ran/Codes/edadb/build/CMakeFiles/edadb.dir/DependInfo.cmake --color=
Consolidate compiler generated dependencies of target edadb
make[2]: Leaving directory '/home/ran/Codes/edadb/build'
make  -f CMakeFiles/edadb.dir/build.make CMakeFiles/edadb.dir/build
make[2]: Entering directory '/home/ran/Codes/edadb/build'
[ 33%] Building CXX object CMakeFiles/edadb.dir/src/edadbTest1.cpp.o
/usr/bin/c++ -DBUN_SQLITE -DFMT_HEADER_ONLY -I/home/ran/Codes/edadb/include -I/home/ran/Codes/edadb/include/third_party -I/home/ran/Codes/edadb/include/third_party/hdr -I/home/ran/Codes/edadb/include/third_party/json -I/home/ran/Codes/edadb/include/third_party/msgpack -I/home/ran/Codes/edadb/include/third_party/rapidjson -I/home/ran/Codes/edadb/include/third_party/spdlog -I/home/ran/Codes/edadb/include/third_party/sqlite -I/home/ran/Codes/edadb/include/third_party/unqlite -Wall -Wno-unused-variable -Wno-pessimizing-move -Wno-reorder -g -O0 -g -std=c++20 -std=gnu++14 -MD -MT CMakeFiles/edadb.dir/src/edadbTest1.cpp.o -MF CMakeFiles/edadb.dir/src/edadbTest1.cpp.o.d -o CMakeFiles/edadb.dir/src/edadbTest1.cpp.o -c /home/ran/Codes/edadb/src/edadbTest1.cpp
In file included from /home/ran/Codes/edadb/src/edadbTest1.cpp:1:
/home/ran/Codes/edadb/include/lib/edadb/edadb.hpp:689:115: warning: "/*" within comment [-Wcomment]
  689 |         inline static void impl(TA& x, const soci::row& row, const std::string& member_name/*, const std::string& /*oid_ref*/) {
      |                                                                                                                    
In file included from /home/ran/Codes/edadb/src/edadbTest1.cpp:1:
/home/ran/Codes/edadb/include/lib/edadb/edadb.hpp:143:29: warning: use of ‘auto’ in parameter declaration only available with ‘-std=c++20’ or ‘-fconcepts’
  143 |             void operator()(auto val){
      |                             ^~~~
In file included from /home/ran/Codes/edadb/src/edadbTest1.cpp:1:
/home/ran/Codes/edadb/include/lib/edadb/edadb.hpp: In instantiation of ‘bool edadb::DbMap<T>::selectFromDb(std::vector<CharType>*, std::string) [with T = IdbSite; std::string = std::__cxx11::basic_string<char>]’:
/home/ran/Codes/edadb/src/edadbTest1.cpp:46:18:   required from here
/home/ran/Codes/edadb/include/lib/edadb/edadb.hpp:839:24: error: no matching function for call to ‘IdbSite::IdbSite()’
  839 |                 T *a = new T;
      |                        ^~~~~
/home/ran/Codes/edadb/src/edadbTest1.cpp:13:3: note: candidate: ‘IdbSite::IdbSite(std::string, int, int, int)’
   13 |   IdbSite(std::string n, int w = 123,int h = 456,int t = 555) : name(n), width(w), height(h), not_saved(t){}
      |   ^~~~~~~
/home/ran/Codes/edadb/src/edadbTest1.cpp:13:3: note:   candidate expects 4 arguments, 0 provided
/home/ran/Codes/edadb/src/edadbTest1.cpp:5:7: note: candidate: ‘IdbSite::IdbSite(const IdbSite&)’
    5 | class IdbSite {
      |       ^~~~~~~
/home/ran/Codes/edadb/src/edadbTest1.cpp:5:7: note:   candidate expects 1 argument, 0 provided
/home/ran/Codes/edadb/src/edadbTest1.cpp:5:7: note: candidate: ‘IdbSite::IdbSite(IdbSite&&)’
/home/ran/Codes/edadb/src/edadbTest1.cpp:5:7: note:   candidate expects 1 argument, 0 provided
In file included from /home/ran/Codes/edadb/src/edadbTest1.cpp:1:
/home/ran/Codes/edadb/include/lib/edadb/edadb.hpp: In instantiation of ‘std::string edadb::SqlString<T>::updateRowStr(T*) [with T = IdbSite; std::string = std::__cxx11::basic_string<char>]’:
/home/ran/Codes/edadb/include/lib/edadb/edadb.hpp:810:68:   required from ‘bool edadb::DbMap<T>::updateDb(T*) [with T = IdbSite]’
/home/ran/Codes/edadb/src/edadbTest1.cpp:52:14:   required from here
/home/ran/Codes/edadb/include/lib/edadb/edadb.hpp:356:88: error: no matching function for call to ‘to_string(std::__cxx11::basic_string<char>&)’
  356 |                 sql += /*sql1 +*/ " WHERE "+ first_pair.second + " = " + std::to_string(*(boost::fusion::at_c<0>(vals)))+";";
      |                                                                          ~~~~~~~~~~~~~~^~~~~~~~~~~~~~~~~~~~~~~~~~~~~~~~~
In file included from /usr/include/c++/11/string:55,
                 from /home/ran/Codes/edadb/include/lib/edadb/edadb.hpp:3,
                 from /home/ran/Codes/edadb/src/edadbTest1.cpp:1:
/usr/include/c++/11/bits/basic_string.h:6660:3: note: candidate: ‘std::string std::__cxx11::to_string(int)’
 6660 |   to_string(int __val)
      |   ^~~~~~~~~
/usr/include/c++/11/bits/basic_string.h:6660:17: note:   no known conversion for argument 1 from ‘std::__cxx11::basic_string<char>’ to ‘int’
 6660 |   to_string(int __val)
      |             ~~~~^~~~~
/usr/include/c++/11/bits/basic_string.h:6671:3: note: candidate: ‘std::string std::__cxx11::to_string(unsigned int)’
 6671 |   to_string(unsigned __val)
      |   ^~~~~~~~~
/usr/include/c++/11/bits/basic_string.h:6671:22: note:   no known conversion for argument 1 from ‘std::__cxx11::basic_string<char>’ to ‘unsigned int’
 6671 |   to_string(unsigned __val)
      |             ~~~~~~~~~^~~~~
/usr/include/c++/11/bits/basic_string.h:6679:3: note: candidate: ‘std::string std::__cxx11::to_string(long int)’
 6679 |   to_string(long __val)
      |   ^~~~~~~~~
/usr/include/c++/11/bits/basic_string.h:6679:18: note:   no known conversion for argument 1 from ‘std::__cxx11::basic_string<char>’ to ‘long int’
 6679 |   to_string(long __val)
      |             ~~~~~^~~~~
/usr/include/c++/11/bits/basic_string.h:6690:3: note: candidate: ‘std::string std::__cxx11::to_string(long unsigned int)’
 6690 |   to_string(unsigned long __val)
      |   ^~~~~~~~~
/usr/include/c++/11/bits/basic_string.h:6690:27: note:   no known conversion for argument 1 from ‘std::__cxx11::basic_string<char>’ to ‘long unsigned int’
 6690 |   to_string(unsigned long __val)
      |             ~~~~~~~~~~~~~~^~~~~
/usr/include/c++/11/bits/basic_string.h:6698:3: note: candidate: ‘std::string std::__cxx11::to_string(long long int)’
 6698 |   to_string(long long __val)
      |   ^~~~~~~~~
/usr/include/c++/11/bits/basic_string.h:6698:23: note:   no known conversion for argument 1 from ‘std::__cxx11::basic_string<char>’ to ‘long long int’
 6698 |   to_string(long long __val)
      |             ~~~~~~~~~~^~~~~
/usr/include/c++/11/bits/basic_string.h:6710:3: note: candidate: ‘std::string std::__cxx11::to_string(long long unsigned int)’
 6710 |   to_string(unsigned long long __val)
      |   ^~~~~~~~~
/usr/include/c++/11/bits/basic_string.h:6710:32: note:   no known conversion for argument 1 from ‘std::__cxx11::basic_string<char>’ to ‘long long unsigned int’
 6710 |   to_string(unsigned long long __val)
      |             ~~~~~~~~~~~~~~~~~~~^~~~~
/usr/include/c++/11/bits/basic_string.h:6721:3: note: candidate: ‘std::string std::__cxx11::to_string(float)’
 6721 |   to_string(float __val)
      |   ^~~~~~~~~
/usr/include/c++/11/bits/basic_string.h:6721:19: note:   no known conversion for argument 1 from ‘std::__cxx11::basic_string<char>’ to ‘float’
 6721 |   to_string(float __val)
      |             ~~~~~~^~~~~
/usr/include/c++/11/bits/basic_string.h:6730:3: note: candidate: ‘std::string std::__cxx11::to_string(double)’
 6730 |   to_string(double __val)
      |   ^~~~~~~~~
/usr/include/c++/11/bits/basic_string.h:6730:20: note:   no known conversion for argument 1 from ‘std::__cxx11::basic_string<char>’ to ‘double’
 6730 |   to_string(double __val)
      |             ~~~~~~~^~~~~
/usr/include/c++/11/bits/basic_string.h:6739:3: note: candidate: ‘std::string std::__cxx11::to_string(long double)’
 6739 |   to_string(long double __val)
      |   ^~~~~~~~~
/usr/include/c++/11/bits/basic_string.h:6739:25: note:   no known conversion for argument 1 from ‘std::__cxx11::basic_string<char>’ to ‘long double’
 6739 |   to_string(long double __val)
      |             ~~~~~~~~~~~~^~~~~
In file included from /home/ran/Codes/edadb/src/edadbTest1.cpp:1:
/home/ran/Codes/edadb/include/lib/edadb/edadb.hpp: In instantiation of ‘static const string& edadb::SqlString<T>::deleteRowStr(T*) [with T = IdbSite; std::string = std::__cxx11::basic_string<char>]’:
/home/ran/Codes/edadb/include/lib/edadb/edadb.hpp:792:78:   required from ‘bool edadb::DbMap<T>::deleteFromDb(T*) [with T = IdbSite]’
/home/ran/Codes/edadb/src/edadbTest1.cpp:54:18:   required from here
/home/ran/Codes/edadb/include/lib/edadb/edadb.hpp:331:57: error: no matching function for call to ‘to_string(std::__cxx11::basic_string<char>&)’
  331 |             + first_pair.second + " = " + std::to_string(*(boost::fusion::at_c<0>(vals)))+";";
      |                                           ~~~~~~~~~~~~~~^~~~~~~~~~~~~~~~~~~~~~~~~~~~~~~~~
In file included from /usr/include/c++/11/string:55,
                 from /home/ran/Codes/edadb/include/lib/edadb/edadb.hpp:3,
                 from /home/ran/Codes/edadb/src/edadbTest1.cpp:1:
/usr/include/c++/11/bits/basic_string.h:6660:3: note: candidate: ‘std::string std::__cxx11::to_string(int)’
 6660 |   to_string(int __val)
      |   ^~~~~~~~~
/usr/include/c++/11/bits/basic_string.h:6660:17: note:   no known conversion for argument 1 from ‘std::__cxx11::basic_string<char>’ to ‘int’
 6660 |   to_string(int __val)
      |             ~~~~^~~~~
/usr/include/c++/11/bits/basic_string.h:6671:3: note: candidate: ‘std::string std::__cxx11::to_string(unsigned int)’
 6671 |   to_string(unsigned __val)
      |   ^~~~~~~~~
/usr/include/c++/11/bits/basic_string.h:6671:22: note:   no known conversion for argument 1 from ‘std::__cxx11::basic_string<char>’ to ‘unsigned int’
 6671 |   to_string(unsigned __val)
      |             ~~~~~~~~~^~~~~
/usr/include/c++/11/bits/basic_string.h:6679:3: note: candidate: ‘std::string std::__cxx11::to_string(long int)’
 6679 |   to_string(long __val)
      |   ^~~~~~~~~
/usr/include/c++/11/bits/basic_string.h:6679:18: note:   no known conversion for argument 1 from ‘std::__cxx11::basic_string<char>’ to ‘long int’
 6679 |   to_string(long __val)
      |             ~~~~~^~~~~
/usr/include/c++/11/bits/basic_string.h:6690:3: note: candidate: ‘std::string std::__cxx11::to_string(long unsigned int)’
 6690 |   to_string(unsigned long __val)
      |   ^~~~~~~~~
/usr/include/c++/11/bits/basic_string.h:6690:27: note:   no known conversion for argument 1 from ‘std::__cxx11::basic_string<char>’ to ‘long unsigned int’
 6690 |   to_string(unsigned long __val)
      |             ~~~~~~~~~~~~~~^~~~~
/usr/include/c++/11/bits/basic_string.h:6698:3: note: candidate: ‘std::string std::__cxx11::to_string(long long int)’
 6698 |   to_string(long long __val)
      |   ^~~~~~~~~
/usr/include/c++/11/bits/basic_string.h:6698:23: note:   no known conversion for argument 1 from ‘std::__cxx11::basic_string<char>’ to ‘long long int’
 6698 |   to_string(long long __val)
      |             ~~~~~~~~~~^~~~~
/usr/include/c++/11/bits/basic_string.h:6710:3: note: candidate: ‘std::string std::__cxx11::to_string(long long unsigned int)’
 6710 |   to_string(unsigned long long __val)
      |   ^~~~~~~~~
/usr/include/c++/11/bits/basic_string.h:6710:32: note:   no known conversion for argument 1 from ‘std::__cxx11::basic_string<char>’ to ‘long long unsigned int’
 6710 |   to_string(unsigned long long __val)
      |             ~~~~~~~~~~~~~~~~~~~^~~~~
/usr/include/c++/11/bits/basic_string.h:6721:3: note: candidate: ‘std::string std::__cxx11::to_string(float)’
 6721 |   to_string(float __val)
      |   ^~~~~~~~~
/usr/include/c++/11/bits/basic_string.h:6721:19: note:   no known conversion for argument 1 from ‘std::__cxx11::basic_string<char>’ to ‘float’
 6721 |   to_string(float __val)
      |             ~~~~~~^~~~~
/usr/include/c++/11/bits/basic_string.h:6730:3: note: candidate: ‘std::string std::__cxx11::to_string(double)’
 6730 |   to_string(double __val)
      |   ^~~~~~~~~
/usr/include/c++/11/bits/basic_string.h:6730:20: note:   no known conversion for argument 1 from ‘std::__cxx11::basic_string<char>’ to ‘double’
 6730 |   to_string(double __val)
      |             ~~~~~~~^~~~~
/usr/include/c++/11/bits/basic_string.h:6739:3: note: candidate: ‘std::string std::__cxx11::to_string(long double)’
 6739 |   to_string(long double __val)
      |   ^~~~~~~~~
/usr/include/c++/11/bits/basic_string.h:6739:25: note:   no known conversion for argument 1 from ‘std::__cxx11::basic_string<char>’ to ‘long double’
 6739 |   to_string(long double __val)
      |             ~~~~~~~~~~~~^~~~~
make[2]: *** [CMakeFiles/edadb.dir/build.make:93: CMakeFiles/edadb.dir/src/edadbTest1.cpp.o] Error 1
make[2]: Leaving directory '/home/ran/Codes/edadb/build'
make[1]: *** [CMakeFiles/Makefile2:86: CMakeFiles/edadb.dir/all] Error 2
make[1]: Leaving directory '/home/ran/Codes/edadb/build'
make: *** [Makefile:94: all] Error 2
